[debug] [2019-09-19T17:54:20.299Z] ----------------------------------------------------------------------
[debug] [2019-09-19T17:54:20.303Z] Command:       C:\Program Files\nodejs\node.exe C:\Users\Cruz-\AppData\Roaming\npm\node_modules\firebase-tools\lib\bin\firebase.js serve
[debug] [2019-09-19T17:54:20.303Z] CLI Version:   7.3.1
[debug] [2019-09-19T17:54:20.304Z] Platform:      win32
[debug] [2019-09-19T17:54:20.304Z] Node Version:  v10.16.3
[debug] [2019-09-19T17:54:20.305Z] Time:          Thu Sep 19 2019 12:54:20 GMT-0500 (GMT-05:00)
[debug] [2019-09-19T17:54:20.305Z] ----------------------------------------------------------------------
[debug] 
[debug] [2019-09-19T17:54:20.317Z] > command requires scopes: ["email","openid","https://www.googleapis.com/auth/cloudplatformprojects.readonly","https://www.googleapis.com/auth/firebase","https://www.googleapis.com/auth/cloud-platform"]
[debug] [2019-09-19T17:54:20.317Z] > authorizing via signed-in user
[debug] [2019-09-19T17:54:20.317Z] [iam] checking project panelquehay-cc for permissions ["firebase.projects.get"]
[debug] [2019-09-19T17:54:20.319Z] > refreshing access token with scopes: ["email","https://www.googleapis.com/auth/cloud-platform","https://www.googleapis.com/auth/cloudplatformprojects.readonly","https://www.googleapis.com/auth/firebase","openid"]
[debug] [2019-09-19T17:54:20.319Z] >>> HTTP REQUEST POST https://www.googleapis.com/oauth2/v3/token  
 <request body omitted>
[debug] [2019-09-19T17:54:22.011Z] <<< HTTP RESPONSE 200
[debug] [2019-09-19T17:54:22.057Z] >>> HTTP REQUEST POST https://cloudresourcemanager.googleapis.com/v1/projects/panelquehay-cc:testIamPermissions  

[debug] [2019-09-19T17:54:22.867Z] <<< HTTP RESPONSE 200
[debug] [2019-09-19T17:54:22.869Z] >>> HTTP REQUEST GET https://firebase.googleapis.com/v1beta1/projects/panelquehay-cc  
 
[debug] [2019-09-19T17:54:23.487Z] <<< HTTP RESPONSE 200
[info] 
[info] === Serving from 'C:\Users\Cruz-\OneDrive\Documentos\VH\panelquehay-cc'...
[info] 
[debug] [2019-09-19T17:54:23.495Z] >>> HTTP REQUEST GET https://firebase.googleapis.com/v1beta1/projects/panelquehay-cc/webApps/-/config  
 
[debug] [2019-09-19T17:54:24.079Z] <<< HTTP RESPONSE 200
[info] i  hosting: Serving hosting files from: public
[info] +  hosting: Local server: http://localhost:5000
[debug] [2019-09-26T21:06:09.349Z] ----------------------------------------------------------------------
[debug] [2019-09-26T21:06:09.379Z] Command:       C:\Program Files\nodejs\node.exe C:\Users\Cruz-\AppData\Roaming\npm\node_modules\firebase-tools\lib\bin\firebase.js serve
[debug] [2019-09-26T21:06:09.380Z] CLI Version:   7.3.1
[debug] [2019-09-26T21:06:09.380Z] Platform:      win32
[debug] [2019-09-26T21:06:09.380Z] Node Version:  v10.16.3
[debug] [2019-09-26T21:06:09.453Z] Time:          Thu Sep 26 2019 16:06:09 GMT-0500 (GMT-05:00)
[debug] [2019-09-26T21:06:09.453Z] ----------------------------------------------------------------------
[debug] 
[debug] [2019-09-26T21:06:09.504Z] > command requires scopes: ["email","openid","https://www.googleapis.com/auth/cloudplatformprojects.readonly","https://www.googleapis.com/auth/firebase","https://www.googleapis.com/auth/cloud-platform"]
[debug] [2019-09-26T21:06:09.504Z] > authorizing via signed-in user
[debug] [2019-09-26T21:06:09.505Z] [iam] checking project panelquehay-cc for permissions ["firebase.projects.get"]
[debug] [2019-09-26T21:06:09.507Z] > refreshing access token with scopes: ["email","https://www.googleapis.com/auth/cloud-platform","https://www.googleapis.com/auth/cloudplatformprojects.readonly","https://www.googleapis.com/auth/firebase","openid"]
[debug] [2019-09-26T21:06:09.507Z] >>> HTTP REQUEST POST https://www.googleapis.com/oauth2/v3/token  
 <request body omitted>
[debug] [2019-09-26T21:06:10.203Z] <<< HTTP RESPONSE 200
[debug] [2019-09-26T21:06:10.382Z] >>> HTTP REQUEST POST https://cloudresourcemanager.googleapis.com/v1/projects/panelquehay-cc:testIamPermissions  

[debug] [2019-09-26T21:06:11.176Z] <<< HTTP RESPONSE 200
[debug] [2019-09-26T21:06:11.177Z] >>> HTTP REQUEST GET https://firebase.googleapis.com/v1beta1/projects/panelquehay-cc  
 
[debug] [2019-09-26T21:06:12.052Z] <<< HTTP RESPONSE 200
[info] 
[info] === Serving from 'C:\Users\Cruz-\OneDrive\Documentos\VH\panelquehay-cc'...
[info] 
[debug] [2019-09-26T21:06:12.057Z] >>> HTTP REQUEST GET https://firebase.googleapis.com/v1beta1/projects/panelquehay-cc/webApps/-/config  
 
[debug] [2019-09-26T21:06:12.616Z] <<< HTTP RESPONSE 200
[info] i  hosting: Serving hosting files from: public
[info] +  hosting: Local server: http://localhost:5000
[debug] [2019-09-26T21:26:05.464Z] ----------------------------------------------------------------------
[debug] [2019-09-26T21:26:05.468Z] Command:       C:\Program Files\nodejs\node.exe C:\Users\Cruz-\AppData\Roaming\npm\node_modules\firebase-tools\lib\bin\firebase.js serve
[debug] [2019-09-26T21:26:05.469Z] CLI Version:   7.3.1
[debug] [2019-09-26T21:26:05.469Z] Platform:      win32
[debug] [2019-09-26T21:26:05.469Z] Node Version:  v10.16.3
[debug] [2019-09-26T21:26:05.470Z] Time:          Thu Sep 26 2019 16:26:05 GMT-0500 (GMT-05:00)
[debug] [2019-09-26T21:26:05.470Z] ----------------------------------------------------------------------
[debug] 
[debug] [2019-09-26T21:26:05.478Z] > command requires scopes: ["email","openid","https://www.googleapis.com/auth/cloudplatformprojects.readonly","https://www.googleapis.com/auth/firebase","https://www.googleapis.com/auth/cloud-platform"]
[debug] [2019-09-26T21:26:05.479Z] > authorizing via signed-in user
[debug] [2019-09-26T21:26:05.479Z] [iam] checking project panelquehay-cc for permissions ["firebase.projects.get"]
[debug] [2019-09-26T21:26:05.480Z] >>> HTTP REQUEST POST https://cloudresourcemanager.googleapis.com/v1/projects/panelquehay-cc:testIamPermissions  

[debug] [2019-09-26T21:26:06.127Z] <<< HTTP RESPONSE 200
[debug] [2019-09-26T21:26:06.130Z] >>> HTTP REQUEST GET https://firebase.googleapis.com/v1beta1/projects/panelquehay-cc  
 
[debug] [2019-09-26T21:26:06.644Z] <<< HTTP RESPONSE 200
[info] 
[info] === Serving from 'C:\Users\Cruz-\OneDrive\Documentos\VH\QueHay'...
[info] 
[debug] [2019-09-26T21:26:06.648Z] >>> HTTP REQUEST GET https://firebase.googleapis.com/v1beta1/projects/panelquehay-cc/webApps/-/config  
 
[debug] [2019-09-26T21:26:07.120Z] <<< HTTP RESPONSE 200
[info] i  hosting: Serving hosting files from: public
[info] +  hosting: Local server: http://localhost:5000
